matt@HungLoDE:~/Documents/Repos/MattMC$ /bin/bash /home/matt/Documents/Repos/MattMC/RunDev.sh

> Configure project :
âœ“ Using bundled dependencies from libraries/deps/
  Run './libraries/download-dependencies.sh' to update bundled dependencies
Path for java installation '/usr/lib/jvm/openjdk-21' (Common Linux Locations) does not contain a java executable
Path for java installation '/usr/lib/jvm/openjdk-17' (Common Linux Locations) does not contain a java executable

> Task :copyJdkToRun
ðŸ“‚ Copying JDK to run directory...
âœ… JDK copied to /home/matt/Documents/Repos/MattMC/run/jdk-21

> Task :compileDistantHorizonsJava
Note: Some input files use or override a deprecated API.
Note: Recompile with -Xlint:deprecation for details.
Note: Some input files use unchecked or unsafe operations.
Note: Recompile with -Xlint:unchecked for details.

> Task :processDistantHorizonsResources FAILED

FAILURE: Build failed with an exception.

* What went wrong:
Execution failed for task ':processDistantHorizonsResources'.
> Could not copy file '/home/matt/Documents/Repos/MattMC/modules/distant-horizons-2.3.4b/fabric/src/main/resources/fabric.mod.json' to '/home/matt/Documents/Repos/MattMC/build/resources/distantHorizons/fabric.mod.json'.
   > Missing property (mod_name) for Groovy template expansion. Defined keys [version].

* Try:
> Run with --stacktrace option to get the stack trace.
> Run with --info or --debug option to get more log output.
> Run with --scan to get full insights.
> Get more help at https://help.gradle.org.

BUILD FAILED in 5s
11 actionable tasks: 7 executed, 4 from cache
matt@HungLoDE:~/Documents/Repos/MattMC$


